{"/Users/gloriavillagranrojas/Laboratoria DEV004/Burger Queen/DEV004-burger-queen-api-client/Burger-Queen/src/AuthContext.jsx": {"path":"/Users/gloriavillagranrojas/Laboratoria DEV004/Burger Queen/DEV004-burger-queen-api-client/Burger-Queen/src/AuthContext.jsx","statementMap":{"0":{"start":{"line":4,"column":20},"end":{"line":4,"column":35}},"1":{"start":{"line":6,"column":21},"end":{"line":38,"column":1}},"2":{"start":{"line":7,"column":28},"end":{"line":7,"column":42}},"3":{"start":{"line":8,"column":26},"end":{"line":8,"column":40}},"4":{"start":{"line":10,"column":2},"end":{"line":15,"column":9}},"5":{"start":{"line":11,"column":24},"end":{"line":11,"column":53}},"6":{"start":{"line":12,"column":4},"end":{"line":14,"column":5}},"7":{"start":{"line":13,"column":6},"end":{"line":13,"column":28}},"8":{"start":{"line":17,"column":16},"end":{"line":24,"column":3}},"9":{"start":{"line":18,"column":4},"end":{"line":18,"column":21}},"10":{"start":{"line":19,"column":4},"end":{"line":19,"column":31}},"11":{"start":{"line":20,"column":4},"end":{"line":20,"column":23}},"12":{"start":{"line":21,"column":4},"end":{"line":21,"column":22}},"13":{"start":{"line":22,"column":4},"end":{"line":22,"column":52}},"14":{"start":{"line":26,"column":17},"end":{"line":30,"column":3}},"15":{"start":{"line":27,"column":4},"end":{"line":27,"column":19}},"16":{"start":{"line":28,"column":4},"end":{"line":28,"column":18}},"17":{"start":{"line":29,"column":4},"end":{"line":29,"column":37}},"18":{"start":{"line":32,"column":2},"end":{"line":37,"column":4}}},"fnMap":{"0":{"name":"(anonymous_0)","decl":{"start":{"line":6,"column":21},"end":{"line":6,"column":22}},"loc":{"start":{"line":6,"column":39},"end":{"line":38,"column":1}},"line":6},"1":{"name":"(anonymous_1)","decl":{"start":{"line":10,"column":12},"end":{"line":10,"column":13}},"loc":{"start":{"line":10,"column":18},"end":{"line":15,"column":3}},"line":10},"2":{"name":"(anonymous_2)","decl":{"start":{"line":17,"column":16},"end":{"line":17,"column":17}},"loc":{"start":{"line":17,"column":26},"end":{"line":24,"column":3}},"line":17},"3":{"name":"(anonymous_3)","decl":{"start":{"line":26,"column":17},"end":{"line":26,"column":18}},"loc":{"start":{"line":26,"column":23},"end":{"line":30,"column":3}},"line":26}},"branchMap":{"0":{"loc":{"start":{"line":12,"column":4},"end":{"line":14,"column":5}},"type":"if","locations":[{"start":{"line":12,"column":4},"end":{"line":14,"column":5}},{"start":{},"end":{}}],"line":12}},"s":{"0":1,"1":1,"2":0,"3":0,"4":0,"5":0,"6":0,"7":0,"8":0,"9":0,"10":0,"11":0,"12":0,"13":0,"14":0,"15":0,"16":0,"17":0,"18":0},"f":{"0":0,"1":0,"2":0,"3":0},"b":{"0":[0,0]},"_coverageSchema":"1a1c01bbd47fc00a2c39e90264f33305004495a9","hash":"14365942a6a5089171ad58cf06c684702c823095"}
,"/Users/gloriavillagranrojas/Laboratoria DEV004/Burger Queen/DEV004-burger-queen-api-client/Burger-Queen/src/components/Alert.jsx": {"path":"/Users/gloriavillagranrojas/Laboratoria DEV004/Burger Queen/DEV004-burger-queen-api-client/Burger-Queen/src/components/Alert.jsx","statementMap":{"0":{"start":{"line":5,"column":15},"end":{"line":5,"column":46}},"1":{"start":{"line":6,"column":21},"end":{"line":6,"column":36}},"2":{"start":{"line":8,"column":2},"end":{"line":13,"column":4}}},"fnMap":{"0":{"name":"Alert","decl":{"start":{"line":4,"column":9},"end":{"line":4,"column":14}},"loc":{"start":{"line":4,"column":34},"end":{"line":14,"column":1}},"line":4}},"branchMap":{"0":{"loc":{"start":{"line":5,"column":15},"end":{"line":5,"column":46}},"type":"cond-expr","locations":[{"start":{"line":5,"column":36},"end":{"line":5,"column":39}},{"start":{"line":5,"column":42},"end":{"line":5,"column":46}}],"line":5}},"s":{"0":0,"1":0,"2":0},"f":{"0":0},"b":{"0":[0,0]},"_coverageSchema":"1a1c01bbd47fc00a2c39e90264f33305004495a9","hash":"f30b1350cfbe4a6c4e28f58a943544d3730921dd"}
,"/Users/gloriavillagranrojas/Laboratoria DEV004/Burger Queen/DEV004-burger-queen-api-client/Burger-Queen/src/components/admin/EditWorker.jsx": {"path":"/Users/gloriavillagranrojas/Laboratoria DEV004/Burger Queen/DEV004-burger-queen-api-client/Burger-Queen/src/components/admin/EditWorker.jsx","statementMap":{"0":{"start":{"line":9,"column":19},"end":{"line":83,"column":1}},"1":{"start":{"line":10,"column":38},"end":{"line":16,"column":4}},"2":{"start":{"line":18,"column":2},"end":{"line":22,"column":15}},"3":{"start":{"line":19,"column":4},"end":{"line":21,"column":5}},"4":{"start":{"line":20,"column":6},"end":{"line":20,"column":28}},"5":{"start":{"line":24,"column":23},"end":{"line":30,"column":3}},"6":{"start":{"line":25,"column":28},"end":{"line":25,"column":36}},"7":{"start":{"line":26,"column":4},"end":{"line":29,"column":8}},"8":{"start":{"line":26,"column":33},"end":{"line":29,"column":5}},"9":{"start":{"line":32,"column":23},"end":{"line":36,"column":3}},"10":{"start":{"line":33,"column":4},"end":{"line":33,"column":23}},"11":{"start":{"line":34,"column":4},"end":{"line":34,"column":40}},"12":{"start":{"line":35,"column":4},"end":{"line":35,"column":17}},"13":{"start":{"line":38,"column":23},"end":{"line":40,"column":3}},"14":{"start":{"line":39,"column":4},"end":{"line":39,"column":17}},"15":{"start":{"line":42,"column":2},"end":{"line":82,"column":4}},"16":{"start":{"line":44,"column":51},"end":{"line":44,"column":81}}},"fnMap":{"0":{"name":"(anonymous_0)","decl":{"start":{"line":9,"column":19},"end":{"line":9,"column":20}},"loc":{"start":{"line":9,"column":69},"end":{"line":83,"column":1}},"line":9},"1":{"name":"(anonymous_1)","decl":{"start":{"line":18,"column":12},"end":{"line":18,"column":13}},"loc":{"start":{"line":18,"column":18},"end":{"line":22,"column":3}},"line":18},"2":{"name":"(anonymous_2)","decl":{"start":{"line":24,"column":23},"end":{"line":24,"column":24}},"loc":{"start":{"line":24,"column":30},"end":{"line":30,"column":3}},"line":24},"3":{"name":"(anonymous_3)","decl":{"start":{"line":26,"column":18},"end":{"line":26,"column":19}},"loc":{"start":{"line":26,"column":33},"end":{"line":29,"column":5}},"line":26},"4":{"name":"(anonymous_4)","decl":{"start":{"line":32,"column":23},"end":{"line":32,"column":24}},"loc":{"start":{"line":32,"column":30},"end":{"line":36,"column":3}},"line":32},"5":{"name":"(anonymous_5)","decl":{"start":{"line":38,"column":23},"end":{"line":38,"column":24}},"loc":{"start":{"line":38,"column":29},"end":{"line":40,"column":3}},"line":38},"6":{"name":"(anonymous_6)","decl":{"start":{"line":44,"column":44},"end":{"line":44,"column":45}},"loc":{"start":{"line":44,"column":51},"end":{"line":44,"column":81}},"line":44}},"branchMap":{"0":{"loc":{"start":{"line":19,"column":4},"end":{"line":21,"column":5}},"type":"if","locations":[{"start":{"line":19,"column":4},"end":{"line":21,"column":5}},{"start":{},"end":{}}],"line":19}},"s":{"0":1,"1":2,"2":2,"3":1,"4":0,"5":2,"6":0,"7":0,"8":0,"9":2,"10":0,"11":0,"12":0,"13":2,"14":0,"15":2,"16":0},"f":{"0":2,"1":1,"2":0,"3":0,"4":0,"5":0,"6":0},"b":{"0":[0,1]},"_coverageSchema":"1a1c01bbd47fc00a2c39e90264f33305004495a9","hash":"815b9120be57e56ee896d45369b3104e596ccc3c"}
,"/Users/gloriavillagranrojas/Laboratoria DEV004/Burger Queen/DEV004-burger-queen-api-client/Burger-Queen/src/components/admin/MenuVerticalAdmin.jsx": {"path":"/Users/gloriavillagranrojas/Laboratoria DEV004/Burger Queen/DEV004-burger-queen-api-client/Burger-Queen/src/components/admin/MenuVerticalAdmin.jsx","statementMap":{"0":{"start":{"line":7,"column":26},"end":{"line":63,"column":1}},"1":{"start":{"line":8,"column":19},"end":{"line":8,"column":32}},"2":{"start":{"line":10,"column":40},"end":{"line":10,"column":55}},"3":{"start":{"line":11,"column":42},"end":{"line":11,"column":57}},"4":{"start":{"line":12,"column":21},"end":{"line":12,"column":44}},"5":{"start":{"line":15,"column":23},"end":{"line":20,"column":3}},"6":{"start":{"line":17,"column":4},"end":{"line":17,"column":13}},"7":{"start":{"line":19,"column":4},"end":{"line":19,"column":18}},"8":{"start":{"line":22,"column":24},"end":{"line":24,"column":3}},"9":{"start":{"line":23,"column":4},"end":{"line":23,"column":33}},"10":{"start":{"line":26,"column":25},"end":{"line":28,"column":3}},"11":{"start":{"line":27,"column":4},"end":{"line":27,"column":35}},"12":{"start":{"line":30,"column":2},"end":{"line":62,"column":4}}},"fnMap":{"0":{"name":"(anonymous_0)","decl":{"start":{"line":7,"column":26},"end":{"line":7,"column":27}},"loc":{"start":{"line":7,"column":32},"end":{"line":63,"column":1}},"line":7},"1":{"name":"(anonymous_1)","decl":{"start":{"line":15,"column":23},"end":{"line":15,"column":24}},"loc":{"start":{"line":15,"column":29},"end":{"line":20,"column":3}},"line":15},"2":{"name":"(anonymous_2)","decl":{"start":{"line":22,"column":24},"end":{"line":22,"column":25}},"loc":{"start":{"line":22,"column":30},"end":{"line":24,"column":3}},"line":22},"3":{"name":"(anonymous_3)","decl":{"start":{"line":26,"column":25},"end":{"line":26,"column":26}},"loc":{"start":{"line":26,"column":31},"end":{"line":28,"column":3}},"line":26}},"branchMap":{"0":{"loc":{"start":{"line":35,"column":11},"end":{"line":44,"column":11}},"type":"binary-expr","locations":[{"start":{"line":35,"column":11},"end":{"line":35,"column":22}},{"start":{"line":36,"column":12},"end":{"line":43,"column":17}}],"line":35},"1":{"loc":{"start":{"line":48,"column":11},"end":{"line":57,"column":11}},"type":"binary-expr","locations":[{"start":{"line":48,"column":11},"end":{"line":48,"column":23}},{"start":{"line":49,"column":12},"end":{"line":56,"column":17}}],"line":48}},"s":{"0":1,"1":2,"2":2,"3":2,"4":2,"5":2,"6":0,"7":0,"8":2,"9":0,"10":2,"11":0,"12":2},"f":{"0":2,"1":0,"2":0,"3":0},"b":{"0":[2,0],"1":[2,0]},"_coverageSchema":"1a1c01bbd47fc00a2c39e90264f33305004495a9","hash":"69723d476a439ef4c18b9870c320d9a8c9607695"}
,"/Users/gloriavillagranrojas/Laboratoria DEV004/Burger Queen/DEV004-burger-queen-api-client/Burger-Queen/src/components/admin/WorkersList.jsx": {"path":"/Users/gloriavillagranrojas/Laboratoria DEV004/Burger Queen/DEV004-burger-queen-api-client/Burger-Queen/src/components/admin/WorkersList.jsx","statementMap":{"0":{"start":{"line":9,"column":20},"end":{"line":144,"column":1}},"1":{"start":{"line":10,"column":20},"end":{"line":10,"column":43}},"2":{"start":{"line":11,"column":32},"end":{"line":11,"column":44}},"3":{"start":{"line":12,"column":40},"end":{"line":12,"column":55}},"4":{"start":{"line":13,"column":42},"end":{"line":13,"column":56}},"5":{"start":{"line":14,"column":48},"end":{"line":14,"column":63}},"6":{"start":{"line":16,"column":2},"end":{"line":18,"column":14}},"7":{"start":{"line":17,"column":4},"end":{"line":17,"column":19}},"8":{"start":{"line":20,"column":23},"end":{"line":31,"column":3}},"9":{"start":{"line":21,"column":4},"end":{"line":30,"column":5}},"10":{"start":{"line":22,"column":23},"end":{"line":26,"column":8}},"11":{"start":{"line":27,"column":6},"end":{"line":27,"column":32}},"12":{"start":{"line":29,"column":6},"end":{"line":29,"column":53}},"13":{"start":{"line":33,"column":21},"end":{"line":45,"column":3}},"14":{"start":{"line":34,"column":4},"end":{"line":34,"column":25}},"15":{"start":{"line":35,"column":4},"end":{"line":44,"column":5}},"16":{"start":{"line":36,"column":23},"end":{"line":40,"column":8}},"17":{"start":{"line":41,"column":6},"end":{"line":41,"column":37}},"18":{"start":{"line":43,"column":6},"end":{"line":43,"column":53}},"19":{"start":{"line":47,"column":21},"end":{"line":50,"column":3}},"20":{"start":{"line":48,"column":4},"end":{"line":48,"column":26}},"21":{"start":{"line":49,"column":4},"end":{"line":49,"column":26}},"22":{"start":{"line":52,"column":23},"end":{"line":64,"column":3}},"23":{"start":{"line":53,"column":4},"end":{"line":63,"column":5}},"24":{"start":{"line":54,"column":23},"end":{"line":58,"column":8}},"25":{"start":{"line":59,"column":6},"end":{"line":59,"column":19}},"26":{"start":{"line":60,"column":6},"end":{"line":60,"column":34}},"27":{"start":{"line":62,"column":6},"end":{"line":62,"column":55}},"28":{"start":{"line":66,"column":23},"end":{"line":78,"column":3}},"29":{"start":{"line":67,"column":4},"end":{"line":77,"column":5}},"30":{"start":{"line":68,"column":23},"end":{"line":72,"column":8}},"31":{"start":{"line":73,"column":6},"end":{"line":73,"column":34}},"32":{"start":{"line":74,"column":6},"end":{"line":74,"column":31}},"33":{"start":{"line":76,"column":6},"end":{"line":76,"column":53}},"34":{"start":{"line":81,"column":22},"end":{"line":83,"column":5}},"35":{"start":{"line":82,"column":6},"end":{"line":82,"column":32}},"36":{"start":{"line":85,"column":24},"end":{"line":124,"column":3}},"37":{"start":{"line":86,"column":4},"end":{"line":88,"column":5}},"38":{"start":{"line":87,"column":6},"end":{"line":87,"column":42}},"39":{"start":{"line":90,"column":4},"end":{"line":122,"column":6}},"40":{"start":{"line":104,"column":10},"end":{"line":114,"column":15}},"41":{"start":{"line":109,"column":55},"end":{"line":109,"column":73}},"42":{"start":{"line":112,"column":56},"end":{"line":112,"column":79}},"43":{"start":{"line":126,"column":2},"end":{"line":143,"column":4}}},"fnMap":{"0":{"name":"(anonymous_0)","decl":{"start":{"line":9,"column":20},"end":{"line":9,"column":21}},"loc":{"start":{"line":9,"column":26},"end":{"line":144,"column":1}},"line":9},"1":{"name":"(anonymous_1)","decl":{"start":{"line":16,"column":12},"end":{"line":16,"column":13}},"loc":{"start":{"line":16,"column":18},"end":{"line":18,"column":3}},"line":16},"2":{"name":"(anonymous_2)","decl":{"start":{"line":20,"column":23},"end":{"line":20,"column":24}},"loc":{"start":{"line":20,"column":35},"end":{"line":31,"column":3}},"line":20},"3":{"name":"(anonymous_3)","decl":{"start":{"line":33,"column":21},"end":{"line":33,"column":22}},"loc":{"start":{"line":33,"column":39},"end":{"line":45,"column":3}},"line":33},"4":{"name":"(anonymous_4)","decl":{"start":{"line":47,"column":21},"end":{"line":47,"column":22}},"loc":{"start":{"line":47,"column":27},"end":{"line":50,"column":3}},"line":47},"5":{"name":"(anonymous_5)","decl":{"start":{"line":52,"column":23},"end":{"line":52,"column":24}},"loc":{"start":{"line":52,"column":51},"end":{"line":64,"column":3}},"line":52},"6":{"name":"(anonymous_6)","decl":{"start":{"line":66,"column":23},"end":{"line":66,"column":24}},"loc":{"start":{"line":66,"column":38},"end":{"line":78,"column":3}},"line":66},"7":{"name":"(anonymous_7)","decl":{"start":{"line":81,"column":22},"end":{"line":81,"column":23}},"loc":{"start":{"line":81,"column":28},"end":{"line":83,"column":5}},"line":81},"8":{"name":"(anonymous_8)","decl":{"start":{"line":85,"column":24},"end":{"line":85,"column":25}},"loc":{"start":{"line":85,"column":30},"end":{"line":124,"column":3}},"line":85},"9":{"name":"(anonymous_9)","decl":{"start":{"line":103,"column":21},"end":{"line":103,"column":22}},"loc":{"start":{"line":104,"column":10},"end":{"line":114,"column":15}},"line":104},"10":{"name":"(anonymous_10)","decl":{"start":{"line":109,"column":49},"end":{"line":109,"column":50}},"loc":{"start":{"line":109,"column":55},"end":{"line":109,"column":73}},"line":109},"11":{"name":"(anonymous_11)","decl":{"start":{"line":112,"column":50},"end":{"line":112,"column":51}},"loc":{"start":{"line":112,"column":56},"end":{"line":112,"column":79}},"line":112}},"branchMap":{"0":{"loc":{"start":{"line":86,"column":4},"end":{"line":88,"column":5}},"type":"if","locations":[{"start":{"line":86,"column":4},"end":{"line":88,"column":5}},{"start":{},"end":{}}],"line":86},"1":{"loc":{"start":{"line":118,"column":8},"end":{"line":120,"column":7}},"type":"binary-expr","locations":[{"start":{"line":118,"column":8},"end":{"line":118,"column":23}},{"start":{"line":119,"column":8},"end":{"line":119,"column":77}}],"line":118}},"s":{"0":1,"1":2,"2":2,"3":2,"4":2,"5":2,"6":2,"7":1,"8":2,"9":1,"10":1,"11":1,"12":0,"13":2,"14":0,"15":0,"16":0,"17":0,"18":0,"19":2,"20":0,"21":0,"22":2,"23":0,"24":0,"25":0,"26":0,"27":0,"28":2,"29":0,"30":0,"31":0,"32":0,"33":0,"34":2,"35":0,"36":2,"37":2,"38":1,"39":1,"40":2,"41":0,"42":0,"43":2},"f":{"0":2,"1":1,"2":1,"3":0,"4":0,"5":0,"6":0,"7":0,"8":2,"9":2,"10":0,"11":0},"b":{"0":[1,1],"1":[1,0]},"_coverageSchema":"1a1c01bbd47fc00a2c39e90264f33305004495a9","hash":"cbf7eb2f039d5512eaa77ad97d389ec23a8714a4"}
}
