{"/Users/gloriavillagranrojas/Laboratoria DEV004/Burger Queen/DEV004-burger-queen-api-client/Burger-Queen/src/AuthContext.jsx": {"path":"/Users/gloriavillagranrojas/Laboratoria DEV004/Burger Queen/DEV004-burger-queen-api-client/Burger-Queen/src/AuthContext.jsx","statementMap":{"0":{"start":{"line":4,"column":20},"end":{"line":4,"column":35}},"1":{"start":{"line":6,"column":21},"end":{"line":38,"column":1}},"2":{"start":{"line":7,"column":28},"end":{"line":7,"column":42}},"3":{"start":{"line":8,"column":26},"end":{"line":8,"column":40}},"4":{"start":{"line":10,"column":2},"end":{"line":15,"column":9}},"5":{"start":{"line":11,"column":24},"end":{"line":11,"column":53}},"6":{"start":{"line":12,"column":4},"end":{"line":14,"column":5}},"7":{"start":{"line":13,"column":6},"end":{"line":13,"column":28}},"8":{"start":{"line":17,"column":16},"end":{"line":24,"column":3}},"9":{"start":{"line":18,"column":4},"end":{"line":18,"column":21}},"10":{"start":{"line":19,"column":4},"end":{"line":19,"column":31}},"11":{"start":{"line":20,"column":4},"end":{"line":20,"column":23}},"12":{"start":{"line":21,"column":4},"end":{"line":21,"column":22}},"13":{"start":{"line":22,"column":4},"end":{"line":22,"column":52}},"14":{"start":{"line":26,"column":17},"end":{"line":30,"column":3}},"15":{"start":{"line":27,"column":4},"end":{"line":27,"column":19}},"16":{"start":{"line":28,"column":4},"end":{"line":28,"column":18}},"17":{"start":{"line":29,"column":4},"end":{"line":29,"column":37}},"18":{"start":{"line":32,"column":2},"end":{"line":37,"column":4}}},"fnMap":{"0":{"name":"(anonymous_0)","decl":{"start":{"line":6,"column":21},"end":{"line":6,"column":22}},"loc":{"start":{"line":6,"column":39},"end":{"line":38,"column":1}},"line":6},"1":{"name":"(anonymous_1)","decl":{"start":{"line":10,"column":12},"end":{"line":10,"column":13}},"loc":{"start":{"line":10,"column":18},"end":{"line":15,"column":3}},"line":10},"2":{"name":"(anonymous_2)","decl":{"start":{"line":17,"column":16},"end":{"line":17,"column":17}},"loc":{"start":{"line":17,"column":26},"end":{"line":24,"column":3}},"line":17},"3":{"name":"(anonymous_3)","decl":{"start":{"line":26,"column":17},"end":{"line":26,"column":18}},"loc":{"start":{"line":26,"column":23},"end":{"line":30,"column":3}},"line":26}},"branchMap":{"0":{"loc":{"start":{"line":12,"column":4},"end":{"line":14,"column":5}},"type":"if","locations":[{"start":{"line":12,"column":4},"end":{"line":14,"column":5}},{"start":{},"end":{}}],"line":12}},"s":{"0":1,"1":1,"2":0,"3":0,"4":0,"5":0,"6":0,"7":0,"8":0,"9":0,"10":0,"11":0,"12":0,"13":0,"14":0,"15":0,"16":0,"17":0,"18":0},"f":{"0":0,"1":0,"2":0,"3":0},"b":{"0":[0,0]},"_coverageSchema":"1a1c01bbd47fc00a2c39e90264f33305004495a9","hash":"14365942a6a5089171ad58cf06c684702c823095"}
,"/Users/gloriavillagranrojas/Laboratoria DEV004/Burger Queen/DEV004-burger-queen-api-client/Burger-Queen/src/components/Alert.jsx": {"path":"/Users/gloriavillagranrojas/Laboratoria DEV004/Burger Queen/DEV004-burger-queen-api-client/Burger-Queen/src/components/Alert.jsx","statementMap":{"0":{"start":{"line":5,"column":15},"end":{"line":5,"column":46}},"1":{"start":{"line":6,"column":21},"end":{"line":6,"column":36}},"2":{"start":{"line":8,"column":2},"end":{"line":13,"column":4}}},"fnMap":{"0":{"name":"Alert","decl":{"start":{"line":4,"column":9},"end":{"line":4,"column":14}},"loc":{"start":{"line":4,"column":34},"end":{"line":14,"column":1}},"line":4}},"branchMap":{"0":{"loc":{"start":{"line":5,"column":15},"end":{"line":5,"column":46}},"type":"cond-expr","locations":[{"start":{"line":5,"column":36},"end":{"line":5,"column":39}},{"start":{"line":5,"column":42},"end":{"line":5,"column":46}}],"line":5}},"s":{"0":1,"1":1,"2":1},"f":{"0":1},"b":{"0":[1,0]},"_coverageSchema":"1a1c01bbd47fc00a2c39e90264f33305004495a9","hash":"f30b1350cfbe4a6c4e28f58a943544d3730921dd"}
,"/Users/gloriavillagranrojas/Laboratoria DEV004/Burger Queen/DEV004-burger-queen-api-client/Burger-Queen/src/components/waiter/CartSummary.jsx": {"path":"/Users/gloriavillagranrojas/Laboratoria DEV004/Burger Queen/DEV004-burger-queen-api-client/Burger-Queen/src/components/waiter/CartSummary.jsx","statementMap":{"0":{"start":{"line":5,"column":36},"end":{"line":5,"column":51}},"1":{"start":{"line":6,"column":25},"end":{"line":8,"column":3}},"2":{"start":{"line":7,"column":4},"end":{"line":7,"column":88}},"3":{"start":{"line":7,"column":43},"end":{"line":7,"column":83}},"4":{"start":{"line":10,"column":26},"end":{"line":13,"column":3}},"5":{"start":{"line":11,"column":4},"end":{"line":11,"column":16}},"6":{"start":{"line":12,"column":4},"end":{"line":12,"column":23}},"7":{"start":{"line":15,"column":27},"end":{"line":18,"column":3}},"8":{"start":{"line":16,"column":4},"end":{"line":16,"column":24}},"9":{"start":{"line":17,"column":4},"end":{"line":17,"column":17}},"10":{"start":{"line":21,"column":2},"end":{"line":61,"column":4}},"11":{"start":{"line":38,"column":14},"end":{"line":51,"column":20}},"12":{"start":{"line":44,"column":74},"end":{"line":44,"column":99}},"13":{"start":{"line":47,"column":73},"end":{"line":47,"column":98}},"14":{"start":{"line":49,"column":70},"end":{"line":49,"column":93}}},"fnMap":{"0":{"name":"CartSummary","decl":{"start":{"line":4,"column":9},"end":{"line":4,"column":20}},"loc":{"start":{"line":4,"column":117},"end":{"line":62,"column":1}},"line":4},"1":{"name":"(anonymous_1)","decl":{"start":{"line":6,"column":25},"end":{"line":6,"column":26}},"loc":{"start":{"line":6,"column":31},"end":{"line":8,"column":3}},"line":6},"2":{"name":"(anonymous_2)","decl":{"start":{"line":7,"column":23},"end":{"line":7,"column":24}},"loc":{"start":{"line":7,"column":43},"end":{"line":7,"column":83}},"line":7},"3":{"name":"(anonymous_3)","decl":{"start":{"line":10,"column":26},"end":{"line":10,"column":27}},"loc":{"start":{"line":10,"column":32},"end":{"line":13,"column":3}},"line":10},"4":{"name":"(anonymous_4)","decl":{"start":{"line":15,"column":27},"end":{"line":15,"column":28}},"loc":{"start":{"line":15,"column":33},"end":{"line":18,"column":3}},"line":15},"5":{"name":"(anonymous_5)","decl":{"start":{"line":36,"column":22},"end":{"line":36,"column":23}},"loc":{"start":{"line":38,"column":14},"end":{"line":51,"column":20}},"line":38},"6":{"name":"(anonymous_6)","decl":{"start":{"line":44,"column":68},"end":{"line":44,"column":69}},"loc":{"start":{"line":44,"column":74},"end":{"line":44,"column":99}},"line":44},"7":{"name":"(anonymous_7)","decl":{"start":{"line":47,"column":67},"end":{"line":47,"column":68}},"loc":{"start":{"line":47,"column":73},"end":{"line":47,"column":98}},"line":47},"8":{"name":"(anonymous_8)","decl":{"start":{"line":49,"column":64},"end":{"line":49,"column":65}},"loc":{"start":{"line":49,"column":70},"end":{"line":49,"column":93}},"line":49}},"branchMap":{"0":{"loc":{"start":{"line":25,"column":9},"end":{"line":25,"column":78}},"type":"binary-expr","locations":[{"start":{"line":25,"column":9},"end":{"line":25,"column":19}},{"start":{"line":25,"column":23},"end":{"line":25,"column":78}}],"line":25},"1":{"loc":{"start":{"line":31,"column":9},"end":{"line":57,"column":9}},"type":"cond-expr","locations":[{"start":{"line":32,"column":10},"end":{"line":32,"column":38}},{"start":{"line":34,"column":10},"end":{"line":56,"column":13}}],"line":31},"2":{"loc":{"start":{"line":58,"column":11},"end":{"line":58,"column":80}},"type":"binary-expr","locations":[{"start":{"line":58,"column":11},"end":{"line":58,"column":20}},{"start":{"line":58,"column":24},"end":{"line":58,"column":80}}],"line":58}},"s":{"0":30,"1":30,"2":7,"3":7,"4":30,"5":1,"6":1,"7":30,"8":1,"9":1,"10":30,"11":7,"12":2,"13":1,"14":1},"f":{"0":30,"1":7,"2":7,"3":1,"4":1,"5":7,"6":2,"7":1,"8":1},"b":{"0":[30,3],"1":[23,7],"2":[30,1]},"_coverageSchema":"1a1c01bbd47fc00a2c39e90264f33305004495a9","hash":"4da4bb8d47c6da5540acedd92e0c4fd157b315f0"}
,"/Users/gloriavillagranrojas/Laboratoria DEV004/Burger Queen/DEV004-burger-queen-api-client/Burger-Queen/src/components/waiter/MenuVerticalWaiter.jsx": {"path":"/Users/gloriavillagranrojas/Laboratoria DEV004/Burger Queen/DEV004-burger-queen-api-client/Burger-Queen/src/components/waiter/MenuVerticalWaiter.jsx","statementMap":{"0":{"start":{"line":7,"column":21},"end":{"line":28,"column":1}},"1":{"start":{"line":8,"column":19},"end":{"line":8,"column":32}},"2":{"start":{"line":9,"column":21},"end":{"line":9,"column":44}},"3":{"start":{"line":12,"column":23},"end":{"line":17,"column":3}},"4":{"start":{"line":14,"column":4},"end":{"line":14,"column":13}},"5":{"start":{"line":16,"column":4},"end":{"line":16,"column":18}},"6":{"start":{"line":19,"column":2},"end":{"line":27,"column":4}}},"fnMap":{"0":{"name":"(anonymous_0)","decl":{"start":{"line":7,"column":21},"end":{"line":7,"column":22}},"loc":{"start":{"line":7,"column":27},"end":{"line":28,"column":1}},"line":7},"1":{"name":"(anonymous_1)","decl":{"start":{"line":12,"column":23},"end":{"line":12,"column":24}},"loc":{"start":{"line":12,"column":29},"end":{"line":17,"column":3}},"line":12}},"branchMap":{},"s":{"0":1,"1":31,"2":31,"3":31,"4":1,"5":1,"6":31},"f":{"0":31,"1":1},"b":{},"_coverageSchema":"1a1c01bbd47fc00a2c39e90264f33305004495a9","hash":"5d1115e7092f8075b40f88d7e8c0812117adfa77"}
,"/Users/gloriavillagranrojas/Laboratoria DEV004/Burger Queen/DEV004-burger-queen-api-client/Burger-Queen/src/components/waiter/Waiter.jsx": {"path":"/Users/gloriavillagranrojas/Laboratoria DEV004/Burger Queen/DEV004-burger-queen-api-client/Burger-Queen/src/components/waiter/Waiter.jsx","statementMap":{"0":{"start":{"line":11,"column":26},"end":{"line":11,"column":49}},"1":{"start":{"line":12,"column":26},"end":{"line":12,"column":38}},"2":{"start":{"line":13,"column":34},"end":{"line":13,"column":46}},"3":{"start":{"line":15,"column":42},"end":{"line":15,"column":54}},"4":{"start":{"line":16,"column":26},"end":{"line":16,"column":38}},"5":{"start":{"line":17,"column":28},"end":{"line":17,"column":40}},"6":{"start":{"line":18,"column":30},"end":{"line":18,"column":42}},"7":{"start":{"line":19,"column":44},"end":{"line":19,"column":56}},"8":{"start":{"line":22,"column":2},"end":{"line":46,"column":20}},"9":{"start":{"line":26,"column":26},"end":{"line":38,"column":5}},"10":{"start":{"line":27,"column":6},"end":{"line":37,"column":7}},"11":{"start":{"line":28,"column":25},"end":{"line":32,"column":10}},"12":{"start":{"line":34,"column":8},"end":{"line":34,"column":35}},"13":{"start":{"line":36,"column":8},"end":{"line":36,"column":29}},"14":{"start":{"line":39,"column":4},"end":{"line":42,"column":5}},"15":{"start":{"line":41,"column":6},"end":{"line":41,"column":22}},"16":{"start":{"line":43,"column":4},"end":{"line":45,"column":5}},"17":{"start":{"line":44,"column":6},"end":{"line":44,"column":25}},"18":{"start":{"line":50,"column":4},"end":{"line":50,"column":23}},"19":{"start":{"line":51,"column":4},"end":{"line":51,"column":26}},"20":{"start":{"line":57,"column":28},"end":{"line":57,"column":65}},"21":{"start":{"line":57,"column":45},"end":{"line":57,"column":64}},"22":{"start":{"line":60,"column":4},"end":{"line":73,"column":5}},"23":{"start":{"line":64,"column":26},"end":{"line":67,"column":7}},"24":{"start":{"line":66,"column":8},"end":{"line":66,"column":68}},"25":{"start":{"line":68,"column":6},"end":{"line":68,"column":27}},"26":{"start":{"line":72,"column":6},"end":{"line":72,"column":54}},"27":{"start":{"line":77,"column":24},"end":{"line":77,"column":63}},"28":{"start":{"line":77,"column":43},"end":{"line":77,"column":62}},"29":{"start":{"line":78,"column":4},"end":{"line":78,"column":25}},"30":{"start":{"line":83,"column":24},"end":{"line":85,"column":5}},"31":{"start":{"line":84,"column":6},"end":{"line":84,"column":66}},"32":{"start":{"line":86,"column":4},"end":{"line":86,"column":25}},"33":{"start":{"line":91,"column":24},"end":{"line":93,"column":5}},"34":{"start":{"line":92,"column":6},"end":{"line":92,"column":66}},"35":{"start":{"line":96,"column":4},"end":{"line":96,"column":55}},"36":{"start":{"line":96,"column":38},"end":{"line":96,"column":52}},"37":{"start":{"line":101,"column":4},"end":{"line":101,"column":88}},"38":{"start":{"line":101,"column":43},"end":{"line":101,"column":83}},"39":{"start":{"line":105,"column":24},"end":{"line":105,"column":34}},"40":{"start":{"line":106,"column":26},"end":{"line":110,"column":6}},"41":{"start":{"line":111,"column":26},"end":{"line":116,"column":6}},"42":{"start":{"line":117,"column":21},"end":{"line":134,"column":5}},"43":{"start":{"line":120,"column":39},"end":{"line":130,"column":7}},"44":{"start":{"line":135,"column":4},"end":{"line":135,"column":23}},"45":{"start":{"line":137,"column":4},"end":{"line":151,"column":5}},"46":{"start":{"line":138,"column":23},"end":{"line":142,"column":8}},"47":{"start":{"line":146,"column":2},"end":{"line":146,"column":54}},"48":{"start":{"line":149,"column":6},"end":{"line":149,"column":27}},"49":{"start":{"line":155,"column":4},"end":{"line":155,"column":16}},"50":{"start":{"line":156,"column":4},"end":{"line":156,"column":16}},"51":{"start":{"line":159,"column":2},"end":{"line":244,"column":4}},"52":{"start":{"line":169,"column":27},"end":{"line":169,"column":50}},"53":{"start":{"line":173,"column":26},"end":{"line":173,"column":53}},"54":{"start":{"line":179,"column":26},"end":{"line":179,"column":53}},"55":{"start":{"line":193,"column":37},"end":{"line":193,"column":64}},"56":{"start":{"line":195,"column":18},"end":{"line":204,"column":24}},"57":{"start":{"line":201,"column":65},"end":{"line":201,"column":89}},"58":{"start":{"line":215,"column":37},"end":{"line":215,"column":64}},"59":{"start":{"line":217,"column":18},"end":{"line":226,"column":24}},"60":{"start":{"line":223,"column":65},"end":{"line":223,"column":89}}},"fnMap":{"0":{"name":"Waiter","decl":{"start":{"line":10,"column":9},"end":{"line":10,"column":15}},"loc":{"start":{"line":10,"column":18},"end":{"line":245,"column":1}},"line":10},"1":{"name":"(anonymous_1)","decl":{"start":{"line":22,"column":12},"end":{"line":22,"column":13}},"loc":{"start":{"line":22,"column":18},"end":{"line":46,"column":3}},"line":22},"2":{"name":"(anonymous_2)","decl":{"start":{"line":26,"column":26},"end":{"line":26,"column":27}},"loc":{"start":{"line":26,"column":38},"end":{"line":38,"column":5}},"line":26},"3":{"name":"clickButtons","decl":{"start":{"line":48,"column":11},"end":{"line":48,"column":23}},"loc":{"start":{"line":48,"column":33},"end":{"line":52,"column":3}},"line":48},"4":{"name":"handleAddToCart","decl":{"start":{"line":55,"column":11},"end":{"line":55,"column":26}},"loc":{"start":{"line":55,"column":36},"end":{"line":74,"column":3}},"line":55},"5":{"name":"(anonymous_5)","decl":{"start":{"line":57,"column":38},"end":{"line":57,"column":39}},"loc":{"start":{"line":57,"column":45},"end":{"line":57,"column":64}},"line":57},"6":{"name":"(anonymous_6)","decl":{"start":{"line":64,"column":35},"end":{"line":64,"column":36}},"loc":{"start":{"line":66,"column":8},"end":{"line":66,"column":68}},"line":66},"7":{"name":"removeFromCart","decl":{"start":{"line":76,"column":11},"end":{"line":76,"column":25}},"loc":{"start":{"line":76,"column":35},"end":{"line":79,"column":3}},"line":76},"8":{"name":"(anonymous_8)","decl":{"start":{"line":77,"column":36},"end":{"line":77,"column":37}},"loc":{"start":{"line":77,"column":43},"end":{"line":77,"column":62}},"line":77},"9":{"name":"increaseQuantity","decl":{"start":{"line":82,"column":11},"end":{"line":82,"column":27}},"loc":{"start":{"line":82,"column":37},"end":{"line":87,"column":3}},"line":82},"10":{"name":"(anonymous_10)","decl":{"start":{"line":83,"column":33},"end":{"line":83,"column":34}},"loc":{"start":{"line":84,"column":6},"end":{"line":84,"column":66}},"line":84},"11":{"name":"decreaseQuantity","decl":{"start":{"line":90,"column":11},"end":{"line":90,"column":27}},"loc":{"start":{"line":90,"column":37},"end":{"line":97,"column":3}},"line":90},"12":{"name":"(anonymous_12)","decl":{"start":{"line":91,"column":33},"end":{"line":91,"column":34}},"loc":{"start":{"line":92,"column":6},"end":{"line":92,"column":66}},"line":92},"13":{"name":"(anonymous_13)","decl":{"start":{"line":96,"column":31},"end":{"line":96,"column":32}},"loc":{"start":{"line":96,"column":38},"end":{"line":96,"column":52}},"line":96},"14":{"name":"calculateTotal","decl":{"start":{"line":100,"column":11},"end":{"line":100,"column":25}},"loc":{"start":{"line":100,"column":28},"end":{"line":102,"column":3}},"line":100},"15":{"name":"(anonymous_15)","decl":{"start":{"line":101,"column":23},"end":{"line":101,"column":24}},"loc":{"start":{"line":101,"column":43},"end":{"line":101,"column":83}},"line":101},"16":{"name":"handleSendOrder","decl":{"start":{"line":104,"column":17},"end":{"line":104,"column":32}},"loc":{"start":{"line":104,"column":35},"end":{"line":152,"column":3}},"line":104},"17":{"name":"(anonymous_17)","decl":{"start":{"line":120,"column":25},"end":{"line":120,"column":26}},"loc":{"start":{"line":120,"column":39},"end":{"line":130,"column":7}},"line":120},"18":{"name":"handleBackToMenu","decl":{"start":{"line":154,"column":11},"end":{"line":154,"column":27}},"loc":{"start":{"line":154,"column":30},"end":{"line":157,"column":3}},"line":154},"19":{"name":"(anonymous_19)","decl":{"start":{"line":169,"column":20},"end":{"line":169,"column":21}},"loc":{"start":{"line":169,"column":27},"end":{"line":169,"column":50}},"line":169},"20":{"name":"(anonymous_20)","decl":{"start":{"line":173,"column":19},"end":{"line":173,"column":20}},"loc":{"start":{"line":173,"column":26},"end":{"line":173,"column":53}},"line":173},"21":{"name":"(anonymous_21)","decl":{"start":{"line":179,"column":19},"end":{"line":179,"column":20}},"loc":{"start":{"line":179,"column":26},"end":{"line":179,"column":53}},"line":179},"22":{"name":"(anonymous_22)","decl":{"start":{"line":193,"column":24},"end":{"line":193,"column":25}},"loc":{"start":{"line":193,"column":37},"end":{"line":193,"column":64}},"line":193},"23":{"name":"(anonymous_23)","decl":{"start":{"line":194,"column":21},"end":{"line":194,"column":22}},"loc":{"start":{"line":195,"column":18},"end":{"line":204,"column":24}},"line":195},"24":{"name":"(anonymous_24)","decl":{"start":{"line":201,"column":59},"end":{"line":201,"column":60}},"loc":{"start":{"line":201,"column":65},"end":{"line":201,"column":89}},"line":201},"25":{"name":"(anonymous_25)","decl":{"start":{"line":215,"column":24},"end":{"line":215,"column":25}},"loc":{"start":{"line":215,"column":37},"end":{"line":215,"column":64}},"line":215},"26":{"name":"(anonymous_26)","decl":{"start":{"line":216,"column":21},"end":{"line":216,"column":22}},"loc":{"start":{"line":217,"column":18},"end":{"line":226,"column":24}},"line":217},"27":{"name":"(anonymous_27)","decl":{"start":{"line":223,"column":59},"end":{"line":223,"column":60}},"loc":{"start":{"line":223,"column":65},"end":{"line":223,"column":89}},"line":223}},"branchMap":{"0":{"loc":{"start":{"line":39,"column":4},"end":{"line":42,"column":5}},"type":"if","locations":[{"start":{"line":39,"column":4},"end":{"line":42,"column":5}},{"start":{},"end":{}}],"line":39},"1":{"loc":{"start":{"line":43,"column":4},"end":{"line":45,"column":5}},"type":"if","locations":[{"start":{"line":43,"column":4},"end":{"line":45,"column":5}},{"start":{},"end":{}}],"line":43},"2":{"loc":{"start":{"line":43,"column":8},"end":{"line":43,"column":23}},"type":"binary-expr","locations":[{"start":{"line":43,"column":8},"end":{"line":43,"column":12}},{"start":{"line":43,"column":16},"end":{"line":43,"column":23}}],"line":43},"3":{"loc":{"start":{"line":60,"column":4},"end":{"line":73,"column":5}},"type":"if","locations":[{"start":{"line":60,"column":4},"end":{"line":73,"column":5}},{"start":{"line":70,"column":11},"end":{"line":73,"column":5}}],"line":60},"4":{"loc":{"start":{"line":66,"column":8},"end":{"line":66,"column":68}},"type":"cond-expr","locations":[{"start":{"line":66,"column":30},"end":{"line":66,"column":64}},{"start":{"line":66,"column":67},"end":{"line":66,"column":68}}],"line":66},"5":{"loc":{"start":{"line":84,"column":6},"end":{"line":84,"column":66}},"type":"cond-expr","locations":[{"start":{"line":84,"column":28},"end":{"line":84,"column":62}},{"start":{"line":84,"column":65},"end":{"line":84,"column":66}}],"line":84},"6":{"loc":{"start":{"line":92,"column":6},"end":{"line":92,"column":66}},"type":"cond-expr","locations":[{"start":{"line":92,"column":28},"end":{"line":92,"column":62}},{"start":{"line":92,"column":65},"end":{"line":92,"column":66}}],"line":92},"7":{"loc":{"start":{"line":174,"column":34},"end":{"line":174,"column":77}},"type":"cond-expr","locations":[{"start":{"line":174,"column":64},"end":{"line":174,"column":72}},{"start":{"line":174,"column":75},"end":{"line":174,"column":77}}],"line":174},"8":{"loc":{"start":{"line":180,"column":30},"end":{"line":180,"column":73}},"type":"cond-expr","locations":[{"start":{"line":180,"column":60},"end":{"line":180,"column":68}},{"start":{"line":180,"column":71},"end":{"line":180,"column":73}}],"line":180},"9":{"loc":{"start":{"line":188,"column":9},"end":{"line":208,"column":9}},"type":"binary-expr","locations":[{"start":{"line":188,"column":9},"end":{"line":188,"column":36}},{"start":{"line":189,"column":10},"end":{"line":207,"column":16}}],"line":188},"10":{"loc":{"start":{"line":191,"column":13},"end":{"line":205,"column":18}},"type":"binary-expr","locations":[{"start":{"line":191,"column":13},"end":{"line":191,"column":21}},{"start":{"line":192,"column":14},"end":{"line":205,"column":18}}],"line":191},"11":{"loc":{"start":{"line":210,"column":9},"end":{"line":230,"column":9}},"type":"binary-expr","locations":[{"start":{"line":210,"column":9},"end":{"line":210,"column":36}},{"start":{"line":211,"column":12},"end":{"line":229,"column":16}}],"line":210},"12":{"loc":{"start":{"line":213,"column":13},"end":{"line":227,"column":18}},"type":"binary-expr","locations":[{"start":{"line":213,"column":13},"end":{"line":213,"column":21}},{"start":{"line":214,"column":14},"end":{"line":227,"column":18}}],"line":213}},"s":{"0":30,"1":30,"2":30,"3":30,"4":30,"5":30,"6":30,"7":30,"8":30,"9":5,"10":5,"11":5,"12":5,"13":0,"14":5,"15":5,"16":5,"17":5,"18":4,"19":4,"20":3,"21":1,"22":3,"23":1,"24":1,"25":1,"26":2,"27":1,"28":1,"29":1,"30":2,"31":2,"32":2,"33":1,"34":1,"35":1,"36":1,"37":1,"38":1,"39":1,"40":1,"41":1,"42":1,"43":1,"44":1,"45":1,"46":1,"47":1,"48":0,"49":1,"50":1,"51":30,"52":1,"53":1,"54":3,"55":3,"56":3,"57":0,"58":15,"59":15,"60":3},"f":{"0":30,"1":5,"2":5,"3":4,"4":3,"5":1,"6":1,"7":1,"8":1,"9":2,"10":2,"11":1,"12":1,"13":1,"14":1,"15":1,"16":1,"17":1,"18":1,"19":1,"20":1,"21":3,"22":3,"23":3,"24":0,"25":15,"26":15,"27":3},"b":{"0":[5,0],"1":[5,0],"2":[5,5],"3":[1,2],"4":[1,0],"5":[2,0],"6":[1,0],"7":[2,28],"8":[16,14],"9":[30,2],"10":[2,2],"11":[30,16],"12":[16,16]},"_coverageSchema":"1a1c01bbd47fc00a2c39e90264f33305004495a9","hash":"362358c367ab945d56a82fcca01df7ec9af41cfa"}
}
