TN:
SF:src/AuthContext.jsx
FN:6,(anonymous_0)
FN:10,(anonymous_1)
FN:17,(anonymous_2)
FN:26,(anonymous_3)
FNF:4
FNH:0
FNDA:0,(anonymous_0)
FNDA:0,(anonymous_1)
FNDA:0,(anonymous_2)
FNDA:0,(anonymous_3)
DA:4,1
DA:6,1
DA:7,0
DA:8,0
DA:10,0
DA:11,0
DA:12,0
DA:13,0
DA:17,0
DA:18,0
DA:19,0
DA:20,0
DA:21,0
DA:22,0
DA:26,0
DA:27,0
DA:28,0
DA:29,0
DA:32,0
LF:19
LH:2
BRDA:12,0,0,0
BRDA:12,0,1,0
BRF:2
BRH:0
end_of_record
TN:
SF:src/components/Alert.jsx
FN:4,Alert
FNF:1
FNH:1
FNDA:1,Alert
DA:5,1
DA:6,1
DA:8,1
LF:3
LH:3
BRDA:5,0,0,1
BRDA:5,0,1,0
BRF:2
BRH:1
end_of_record
TN:
SF:src/components/waiter/CartSummary.jsx
FN:4,CartSummary
FN:6,(anonymous_1)
FN:7,(anonymous_2)
FN:10,(anonymous_3)
FN:15,(anonymous_4)
FN:36,(anonymous_5)
FN:44,(anonymous_6)
FN:47,(anonymous_7)
FN:49,(anonymous_8)
FNF:9
FNH:9
FNDA:30,CartSummary
FNDA:7,(anonymous_1)
FNDA:7,(anonymous_2)
FNDA:1,(anonymous_3)
FNDA:1,(anonymous_4)
FNDA:7,(anonymous_5)
FNDA:2,(anonymous_6)
FNDA:1,(anonymous_7)
FNDA:1,(anonymous_8)
DA:5,30
DA:6,30
DA:7,7
DA:10,30
DA:11,1
DA:12,1
DA:15,30
DA:16,1
DA:17,1
DA:21,30
DA:38,7
DA:44,2
DA:47,1
DA:49,1
LF:14
LH:14
BRDA:25,0,0,30
BRDA:25,0,1,3
BRDA:31,1,0,23
BRDA:31,1,1,7
BRDA:58,2,0,30
BRDA:58,2,1,1
BRF:6
BRH:6
end_of_record
TN:
SF:src/components/waiter/MenuVerticalWaiter.jsx
FN:7,(anonymous_0)
FN:12,(anonymous_1)
FNF:2
FNH:2
FNDA:31,(anonymous_0)
FNDA:1,(anonymous_1)
DA:7,1
DA:8,31
DA:9,31
DA:12,31
DA:14,1
DA:16,1
DA:19,31
LF:7
LH:7
BRF:0
BRH:0
end_of_record
TN:
SF:src/components/waiter/Waiter.jsx
FN:10,Waiter
FN:22,(anonymous_1)
FN:26,(anonymous_2)
FN:48,clickButtons
FN:55,handleAddToCart
FN:57,(anonymous_5)
FN:64,(anonymous_6)
FN:76,removeFromCart
FN:77,(anonymous_8)
FN:82,increaseQuantity
FN:83,(anonymous_10)
FN:90,decreaseQuantity
FN:91,(anonymous_12)
FN:96,(anonymous_13)
FN:100,calculateTotal
FN:101,(anonymous_15)
FN:104,handleSendOrder
FN:120,(anonymous_17)
FN:154,handleBackToMenu
FN:169,(anonymous_19)
FN:173,(anonymous_20)
FN:179,(anonymous_21)
FN:193,(anonymous_22)
FN:194,(anonymous_23)
FN:201,(anonymous_24)
FN:215,(anonymous_25)
FN:216,(anonymous_26)
FN:223,(anonymous_27)
FNF:28
FNH:27
FNDA:30,Waiter
FNDA:5,(anonymous_1)
FNDA:5,(anonymous_2)
FNDA:4,clickButtons
FNDA:3,handleAddToCart
FNDA:1,(anonymous_5)
FNDA:1,(anonymous_6)
FNDA:1,removeFromCart
FNDA:1,(anonymous_8)
FNDA:2,increaseQuantity
FNDA:2,(anonymous_10)
FNDA:1,decreaseQuantity
FNDA:1,(anonymous_12)
FNDA:1,(anonymous_13)
FNDA:1,calculateTotal
FNDA:1,(anonymous_15)
FNDA:1,handleSendOrder
FNDA:1,(anonymous_17)
FNDA:1,handleBackToMenu
FNDA:1,(anonymous_19)
FNDA:1,(anonymous_20)
FNDA:3,(anonymous_21)
FNDA:3,(anonymous_22)
FNDA:3,(anonymous_23)
FNDA:0,(anonymous_24)
FNDA:15,(anonymous_25)
FNDA:15,(anonymous_26)
FNDA:3,(anonymous_27)
DA:11,30
DA:12,30
DA:13,30
DA:15,30
DA:16,30
DA:17,30
DA:18,30
DA:19,30
DA:22,30
DA:26,5
DA:27,5
DA:28,5
DA:34,5
DA:36,0
DA:39,5
DA:41,5
DA:43,5
DA:44,5
DA:50,4
DA:51,4
DA:57,3
DA:60,3
DA:64,1
DA:66,1
DA:68,1
DA:72,2
DA:77,1
DA:78,1
DA:83,2
DA:84,2
DA:86,2
DA:91,1
DA:92,1
DA:96,1
DA:101,1
DA:105,1
DA:106,1
DA:111,1
DA:117,1
DA:120,1
DA:135,1
DA:137,1
DA:138,1
DA:146,1
DA:149,0
DA:155,1
DA:156,1
DA:159,30
DA:169,1
DA:173,1
DA:179,3
DA:193,3
DA:195,3
DA:201,0
DA:215,15
DA:217,15
DA:223,3
LF:57
LH:54
BRDA:39,0,0,5
BRDA:39,0,1,0
BRDA:43,1,0,5
BRDA:43,1,1,0
BRDA:43,2,0,5
BRDA:43,2,1,5
BRDA:60,3,0,1
BRDA:60,3,1,2
BRDA:66,4,0,1
BRDA:66,4,1,0
BRDA:84,5,0,2
BRDA:84,5,1,0
BRDA:92,6,0,1
BRDA:92,6,1,0
BRDA:174,7,0,2
BRDA:174,7,1,28
BRDA:180,8,0,16
BRDA:180,8,1,14
BRDA:188,9,0,30
BRDA:188,9,1,2
BRDA:191,10,0,2
BRDA:191,10,1,2
BRDA:210,11,0,30
BRDA:210,11,1,16
BRDA:213,12,0,16
BRDA:213,12,1,16
BRF:26
BRH:21
end_of_record
