TN:
SF:src/AuthContext.jsx
FN:6,(anonymous_0)
FN:10,(anonymous_1)
FN:17,(anonymous_2)
FN:26,(anonymous_3)
FNF:4
FNH:0
FNDA:0,(anonymous_0)
FNDA:0,(anonymous_1)
FNDA:0,(anonymous_2)
FNDA:0,(anonymous_3)
DA:4,1
DA:6,1
DA:7,0
DA:8,0
DA:10,0
DA:11,0
DA:12,0
DA:13,0
DA:17,0
DA:18,0
DA:19,0
DA:20,0
DA:21,0
DA:22,0
DA:26,0
DA:27,0
DA:28,0
DA:29,0
DA:32,0
LF:19
LH:2
BRDA:12,0,0,0
BRDA:12,0,1,0
BRF:2
BRH:0
end_of_record
TN:
SF:src/components/Alert.jsx
FN:4,Alert
FNF:1
FNH:0
FNDA:0,Alert
DA:5,0
DA:6,0
DA:8,0
LF:3
LH:0
BRDA:5,0,0,0
BRDA:5,0,1,0
BRF:2
BRH:0
end_of_record
TN:
SF:src/components/admin/EditWorker.jsx
FN:9,(anonymous_0)
FN:18,(anonymous_1)
FN:24,(anonymous_2)
FN:26,(anonymous_3)
FN:32,(anonymous_4)
FN:38,(anonymous_5)
FN:44,(anonymous_6)
FNF:7
FNH:2
FNDA:2,(anonymous_0)
FNDA:1,(anonymous_1)
FNDA:0,(anonymous_2)
FNDA:0,(anonymous_3)
FNDA:0,(anonymous_4)
FNDA:0,(anonymous_5)
FNDA:0,(anonymous_6)
DA:9,1
DA:10,2
DA:18,2
DA:19,1
DA:20,0
DA:24,2
DA:25,0
DA:26,0
DA:32,2
DA:33,0
DA:34,0
DA:35,0
DA:38,2
DA:39,0
DA:42,2
DA:44,0
LF:16
LH:8
BRDA:19,0,0,0
BRDA:19,0,1,1
BRF:2
BRH:1
end_of_record
TN:
SF:src/components/admin/MenuVerticalAdmin.jsx
FN:7,(anonymous_0)
FN:15,(anonymous_1)
FN:22,(anonymous_2)
FN:26,(anonymous_3)
FNF:4
FNH:1
FNDA:2,(anonymous_0)
FNDA:0,(anonymous_1)
FNDA:0,(anonymous_2)
FNDA:0,(anonymous_3)
DA:7,1
DA:8,2
DA:10,2
DA:11,2
DA:12,2
DA:15,2
DA:17,0
DA:19,0
DA:22,2
DA:23,0
DA:26,2
DA:27,0
DA:30,2
LF:13
LH:9
BRDA:35,0,0,2
BRDA:35,0,1,0
BRDA:48,1,0,2
BRDA:48,1,1,0
BRF:4
BRH:2
end_of_record
TN:
SF:src/components/admin/WorkersList.jsx
FN:9,(anonymous_0)
FN:16,(anonymous_1)
FN:20,(anonymous_2)
FN:33,(anonymous_3)
FN:47,(anonymous_4)
FN:52,(anonymous_5)
FN:66,(anonymous_6)
FN:81,(anonymous_7)
FN:85,(anonymous_8)
FN:103,(anonymous_9)
FN:109,(anonymous_10)
FN:112,(anonymous_11)
FNF:12
FNH:5
FNDA:2,(anonymous_0)
FNDA:1,(anonymous_1)
FNDA:1,(anonymous_2)
FNDA:0,(anonymous_3)
FNDA:0,(anonymous_4)
FNDA:0,(anonymous_5)
FNDA:0,(anonymous_6)
FNDA:0,(anonymous_7)
FNDA:2,(anonymous_8)
FNDA:2,(anonymous_9)
FNDA:0,(anonymous_10)
FNDA:0,(anonymous_11)
DA:9,1
DA:10,2
DA:11,2
DA:12,2
DA:13,2
DA:14,2
DA:16,2
DA:17,1
DA:20,2
DA:21,1
DA:22,1
DA:27,1
DA:29,0
DA:33,2
DA:34,0
DA:35,0
DA:36,0
DA:41,0
DA:43,0
DA:47,2
DA:48,0
DA:49,0
DA:52,2
DA:53,0
DA:54,0
DA:59,0
DA:60,0
DA:62,0
DA:66,2
DA:67,0
DA:68,0
DA:73,0
DA:74,0
DA:76,0
DA:81,2
DA:82,0
DA:85,2
DA:86,2
DA:87,1
DA:90,1
DA:104,2
DA:109,0
DA:112,0
DA:126,2
LF:44
LH:23
BRDA:86,0,0,1
BRDA:86,0,1,1
BRDA:118,1,0,1
BRDA:118,1,1,0
BRF:4
BRH:3
end_of_record
